<?xml version="1.0" encoding="UTF-8"?>
<testng-results skipped="0" failed="0" total="1" passed="1">
  <reporter-output>
  </reporter-output>
  <suite name="Default suite" duration-ms="28351" started-at="2018-07-12T07:30:16Z" finished-at="2018-07-12T07:30:44Z">
    <groups>
    </groups>
    <test name="Default test" duration-ms="28351" started-at="2018-07-12T07:30:16Z" finished-at="2018-07-12T07:30:44Z">
      <class name="tap.test.TestClass">
        <test-method status="PASS" signature="launch()[pri:0, instance:tap.test.TestClass@1c7cbad]" name="launch" is-config="true" duration-ms="27252" started-at="2018-07-12T13:00:16Z" finished-at="2018-07-12T13:00:43Z">
          <reporter-output>
          </reporter-output>
        </test-method> <!-- launch -->
        <test-method status="PASS" signature="test001_basic_auth_test()[pri:0, instance:tap.test.TestClass@1c7cbad]" name="test001_basic_auth_test" duration-ms="1082" started-at="2018-07-12T13:00:43Z" finished-at="2018-07-12T13:00:44Z">
          <reporter-output>
          </reporter-output>
        </test-method> <!-- test001_basic_auth_test -->
      </class> <!-- tap.test.TestClass -->
    </test> <!-- Default test -->
  </suite> <!-- Default suite -->
</testng-results>
